<?xml version="1.0" encoding="UTF-8"?>
<!-- Generated by org.testng.reporters.JUnitXMLReporter -->
<testsuite hostname="LAPTOP-ANH0CLBI" ignored="0" name="Default test" tests="3" failures="0" timestamp="05 Mar 2018 10:53:22 GMT" time="0.122" errors="0">
  <testcase name="test1" time="0.013" classname="com.revature.testng.NewTest"/>
  <testcase name="test2" time="0.002" classname="com.revature.testng.NewTest"/>
  <testcase name="test3" time="0.003" classname="com.revature.testng.NewTest"/>
</testsuite> <!-- Default test -->
