<?xml version="1.0" encoding="UTF-8"?>
<!-- Generated by org.testng.reporters.JUnitXMLReporter -->
<testsuite hostname="MSI" ignored="0" name="Default test" tests="8" failures="0" timestamp="28 Feb 2018 20:35:40 GMT" time="23.022" errors="0">
  <testcase name="confirmHomepage" time="0.013" classname="com.revature.testng.MercuryDriverNewAndImproved"/>
  <testcase name="logInToMercury" time="1.32" classname="com.revature.testng.MercuryDriverNewAndImproved"/>
  <testcase name="findFlights" time="1.46" classname="com.revature.testng.MercuryDriverNewAndImproved"/>
  <testcase name="doEverything" time="2.24" classname="com.revature.testng.MercuryDriverNewAndImproved"/>
  <testcase name="doEverything" time="1.911" classname="com.revature.testng.MercuryDriverNewAndImproved"/>
  <testcase name="doEverything" time="1.904" classname="com.revature.testng.MercuryDriverNewAndImproved"/>
  <testcase name="doEverything" time="2.672" classname="com.revature.testng.MercuryDriverNewAndImproved"/>
  <testcase name="doEverything" time="2.813" classname="com.revature.testng.MercuryDriverNewAndImproved"/>
</testsuite> <!-- Default test -->
